d:\game development\c++\practiseproject\practiseproject\debug\practiseproject.pch
d:\game development\c++\practiseproject\practiseproject\debug\vc142.pdb
d:\game development\c++\practiseproject\practiseproject\debug\vc142.idb
d:\game development\c++\practiseproject\practiseproject\debug\pch.obj
d:\game development\c++\practiseproject\practiseproject\debug\vector.obj
d:\game development\c++\practiseproject\practiseproject\debug\practiseproject.obj
d:\game development\c++\practiseproject\practiseproject\debug\player.obj
d:\game development\c++\practiseproject\practiseproject\debug\graphics.obj
d:\game development\c++\practiseproject\practiseproject\debug\game.obj
d:\game development\c++\practiseproject\practiseproject\debug\entity.obj
d:\game development\c++\practiseproject\debug\practiseproject.pdb
d:\game development\c++\practiseproject\practiseproject\debug\practiseproject.tlog\cl.command.1.tlog
d:\game development\c++\practiseproject\practiseproject\debug\practiseproject.tlog\cl.read.1.tlog
d:\game development\c++\practiseproject\practiseproject\debug\practiseproject.tlog\cl.write.1.tlog
d:\game development\c++\practiseproject\practiseproject\debug\practiseproject.tlog\link-cvtres.read.1.tlog
d:\game development\c++\practiseproject\practiseproject\debug\practiseproject.tlog\link-cvtres.write.1.tlog
d:\game development\c++\practiseproject\practiseproject\debug\practiseproject.tlog\link-rc.read.1.tlog
d:\game development\c++\practiseproject\practiseproject\debug\practiseproject.tlog\link-rc.write.1.tlog
d:\game development\c++\practiseproject\practiseproject\debug\practiseproject.tlog\link.command.1.tlog
d:\game development\c++\practiseproject\practiseproject\debug\practiseproject.tlog\link.read.1.tlog
d:\game development\c++\practiseproject\practiseproject\debug\practiseproject.tlog\link.write.1.tlog
